d:\hoc\làm game\project\project1\x64\debug\vc143.pdb
d:\hoc\làm game\project\project1\x64\debug\vc143.idb
d:\hoc\làm game\project\project1\x64\debug\main.obj
d:\hoc\làm game\project\project1\x64\debug\renderwindow.obj
d:\hoc\làm game\project\project1\x64\debug\commonfuncion.obj
d:\hoc\làm game\project\project1\x64\debug\colorkeying.obj
d:\hoc\làm game\project\project1\x64\debug\entity.obj
d:\hoc\làm game\project\project1\x64\debug\colorkeyingcpp.obj
d:\hoc\làm game\project\project1\x64\debug\loadimage.obj
d:\hoc\làm game\project\project1\x64\debug\renderviewport.obj
d:\hoc\làm game\project\x64\debug\project1.pdb
d:\hoc\làm game\project\project1\x64\debug\project1.tlog\cl.command.1.tlog
d:\hoc\làm game\project\project1\x64\debug\project1.tlog\cl.read.1.tlog
d:\hoc\làm game\project\project1\x64\debug\project1.tlog\cl.write.1.tlog
d:\hoc\làm game\project\project1\x64\debug\project1.tlog\link-cvtres.read.1.tlog
d:\hoc\làm game\project\project1\x64\debug\project1.tlog\link-cvtres.write.1.tlog
d:\hoc\làm game\project\project1\x64\debug\project1.tlog\link-rc.read.1.tlog
d:\hoc\làm game\project\project1\x64\debug\project1.tlog\link-rc.write.1.tlog
d:\hoc\làm game\project\project1\x64\debug\project1.tlog\link.12792-cvtres.read.1.tlog
d:\hoc\làm game\project\project1\x64\debug\project1.tlog\link.12792-cvtres.write.1.tlog
d:\hoc\làm game\project\project1\x64\debug\project1.tlog\link.12792-rc.read.1.tlog
d:\hoc\làm game\project\project1\x64\debug\project1.tlog\link.12792-rc.write.1.tlog
d:\hoc\làm game\project\project1\x64\debug\project1.tlog\link.12792.read.1.tlog
d:\hoc\làm game\project\project1\x64\debug\project1.tlog\link.12792.read.2.tlog
d:\hoc\làm game\project\project1\x64\debug\project1.tlog\link.12792.write.1.tlog
d:\hoc\làm game\project\project1\x64\debug\project1.tlog\link.command.1.tlog
d:\hoc\làm game\project\project1\x64\debug\project1.tlog\link.read.1.tlog
d:\hoc\làm game\project\project1\x64\debug\project1.tlog\link.read.2.tlog
d:\hoc\làm game\project\project1\x64\debug\project1.tlog\link.read.3.tlog
d:\hoc\làm game\project\project1\x64\debug\project1.tlog\link.write.1.tlog
